<?xml version="1.0" encoding="utf-8"?><testsuites><testsuite name="pytest" errors="0" failures="0" skipped="0" tests="5" time="17.104" timestamp="2024-06-25T10:16:29.761005" hostname="ip-172-31-93-42"><testcase classname="test.integration.todoApiTest.TestApi" name="test_api_addtodo" time="5.717" /><testcase classname="test.integration.todoApiTest.TestApi" name="test_api_deletetodo" time="3.587" /><testcase classname="test.integration.todoApiTest.TestApi" name="test_api_gettodo" time="1.143" /><testcase classname="test.integration.todoApiTest.TestApi" name="test_api_listtodos" time="2.549" /><testcase classname="test.integration.todoApiTest.TestApi" name="test_api_updatetodo" time="3.854" /></testsuite></testsuites>